<?xml version="1.0" encoding="UTF-8"?>
<testsuite name="com.rcta.appium.ios.PageObjectPatternTest" tests="1" skipped="0" failures="0" errors="0" timestamp="2015-07-22T09:09:46" hostname="XMNA014.local" time="23.97">
  <properties/>
  <testcase name="pageObject" classname="com.rcta.appium.ios.PageObjectPatternTest" time="23.97"/>
  <system-out><![CDATA[  test: pageObject
]]></system-out>
  <system-err><![CDATA[]]></system-err>
</testsuite>
