<?xml version="1.0" encoding="UTF-8"?>
<testsuite name="com.rcta.appium.ios.AutomatingASimpleActionTest" tests="4" skipped="0" failures="0" errors="0" timestamp="2015-07-22T09:07:33" hostname="XMNA014.local" time="133.756">
  <properties/>
  <testcase name="one" classname="com.rcta.appium.ios.AutomatingASimpleActionTest" time="22.116"/>
  <testcase name="two" classname="com.rcta.appium.ios.AutomatingASimpleActionTest" time="24.228"/>
  <testcase name="four" classname="com.rcta.appium.ios.AutomatingASimpleActionTest" time="62.925"/>
  <testcase name="three" classname="com.rcta.appium.ios.AutomatingASimpleActionTest" time="24.485"/>
  <system-out><![CDATA[  test: one
  test: two
  test: four
  test: three
]]></system-out>
  <system-err><![CDATA[]]></system-err>
</testsuite>
